<?xml version="1.0" encoding="UTF-8"?>
<!-- Generated by org.testng.reporters.JUnitReportReporter -->
<testsuite hostname="LAPTOP-O4SQCKRC" failures="0" tests="1" name="Aspire.Basic_Test.Manufacture_order_creationTest" time="46.988" errors="0" timestamp="2022-04-25T18:08:28 IST" skipped="0">
  <testcase classname="Aspire.Basic_Test.Manufacture_order_creationTest" name="order_creation" time="46.988"/>
  <system-out/>
</testsuite> <!-- Aspire.Basic_Test.Manufacture_order_creationTest -->
